n_jobs = 4 - sleeping
n_jobs = 4 - sleeping
n_jobs = 4 - sleeping
n_jobs = 4 - sleeping
n_jobs = 4 - sleeping
n_jobs = 4 - sleeping
n_jobs = 4 - sleeping
n_jobs = 4 - sleeping
n_jobs = 4 - sleeping
n_jobs = 4 - sleeping
n_jobs = 4 - sleeping
n_jobs = 4 - sleeping
n_jobs = 4 - sleeping
n_jobs = 3 - sleeping
n_jobs = 3 - sleeping
n_jobs = 3 - sleeping
n_jobs = 3 - sleeping
n_jobs = 3 - sleeping
n_jobs = 3 - sleeping
n_jobs = 3 - sleeping
n_jobs = 3 - sleeping
n_jobs = 3 - sleeping
n_jobs = 3 - sleeping
n_jobs = 3 - sleeping
n_jobs = 3 - sleeping
n_jobs = 3 - sleeping
n_jobs = 3 - sleeping
n_jobs = 3 - sleeping
n_jobs = 3 - sleeping
n_jobs = 3 - sleeping
n_jobs = 3 - sleeping
n_jobs = 3 - sleeping
n_jobs = 3 - sleeping
n_jobs = 3 - sleeping
n_jobs = 3 - sleeping
n_jobs = 3 - sleeping
n_jobs = 3 - sleeping
n_jobs = 3 - sleeping
n_jobs = 3 - sleeping
n_jobs = 3 - sleeping
n_jobs = 3 - sleeping
n_jobs = 3 - sleeping
n_jobs = 3 - sleeping
n_jobs = 3 - sleeping
n_jobs = 3 - sleeping
n_jobs = 3 - sleeping
n_jobs = 3 - sleeping
n_jobs = 3 - sleeping
n_jobs = 3 - sleeping
n_jobs = 3 - sleeping
n_jobs = 3 - sleeping
n_jobs = 3 - sleeping
n_jobs = 3 - sleeping
n_jobs = 3 - sleeping
n_jobs = 3 - sleeping
n_jobs = 3 - sleeping
n_jobs = 3 - sleeping
n_jobs = 3 - sleeping
n_jobs = 3 - sleeping
n_jobs = 3 - sleeping
n_jobs = 3 - sleeping
n_jobs = 3 - sleeping
n_jobs = 3 - sleeping
n_jobs = 3 - sleeping
n_jobs = 3 - sleeping
n_jobs = 3 - sleeping
n_jobs = 3 - sleeping
n_jobs = 3 - sleeping
n_jobs = 3 - sleeping
n_jobs = 3 - sleeping
n_jobs = 3 - sleeping
n_jobs = 3 - sleeping
n_jobs = 3 - sleeping
n_jobs = 3 - sleeping
n_jobs = 3 - sleeping
n_jobs = 3 - sleeping
n_jobs = 3 - sleeping
n_jobs = 3 - sleeping
n_jobs = 3 - sleeping
n_jobs = 2 - sleeping
n_jobs = 1 - sleeping
n_jobs = 1 - sleeping
n_jobs = 1 - sleeping
n_jobs = 1 - sleeping
n_jobs = 1 - sleeping
n_jobs = 1 - sleeping
n_jobs = 1 - sleeping
n_jobs = 1 - sleeping
n_jobs = 1 - sleeping
n_jobs = 1 - sleeping
n_jobs = 1 - sleeping
n_jobs = 1 - sleeping
n_jobs = 1 - sleeping
n_jobs = 1 - sleeping
n_jobs = 1 - sleeping
n_jobs = 1 - sleeping
n_jobs = 1 - sleeping
n_jobs = 1 - sleeping
n_jobs = 1 - sleeping
n_jobs = 1 - sleeping
n_jobs = 1 - sleeping
n_jobs = 1 - sleeping
n_jobs = 1 - sleeping
n_jobs = 1 - sleeping
n_jobs = 1 - sleeping
n_jobs = 1 - sleeping
n_jobs = 1 - sleeping
n_jobs = 0 - sleeping
n_jobs = 0 - submitting!
Compiling...
Submitting jobs...
Sub951By50 New
Sub951By100 New
241749.bethel.bw01.uakron.edu
241750.bethel.bw01.uakron.edu
241751.bethel.bw01.uakron.edu
241752.bethel.bw01.uakron.edu
Done submitting jobs!
Done!
